{
  level: 'error',
  message: 'Mensaje de prueba: esto es un error',
  timestamp: '2023-06-24T13:57:15.296Z'
}
{
  level: 'debug',
  message: 'Mensaje de prueba: esto es un error',
  timestamp: '2023-06-24T13:57:15.301Z'
}
{
  level: 'error',
  message: 'Mensaje de prueba: esto es un error',
  timestamp: '2023-06-24T13:59:22.074Z'
}
{
  level: 'debug',
  message: 'Mensaje de prueba: esto es un error',
  timestamp: '2023-06-24T13:59:22.081Z'
}
{
  level: 'debug',
  message: 'Mensaje de prueba: App. inicializada',
  timestamp: '2023-06-24T14:00:36.893Z'
}
{
  level: 'debug',
  message: 'Mensaje de prueba: App. inicializada',
  timestamp: '2023-06-24T14:03:39.595Z'
}
{
  level: 'error',
  message: 'POST - / - diego - Inconplete values - {"first_name":"Raúl","last_name":"Villa"}',
  timestamp: '2023-06-24T14:04:50.906Z'
}
{
  level: 'debug',
  message: 'Mensaje de prueba: App. inicializada',
  timestamp: '2023-06-24T14:06:07.010Z'
}
{
  level: 'error',
  message: 'POST - / - diego - Email existe en BD - {"first_name":"Raúl","last_name":"Villa","dni":12345678,"email":"rvilla@test.com","birthDate":"02-04-1990","gerder":"M","password":"123"}',
  timestamp: '2023-06-24T14:07:35.432Z'
}
{
  level: 'debug',
  message: 'Mensaje de prueba: App. inicializada',
  timestamp: '2023-06-24T14:08:59.433Z'
}
{
  message: 'Usuario creado correctamente: {"first_name":"Carlos","last_name":"Villa","email":"cvilla@test.com","dni":12345678,"birthDate":"1990-02-04T02:00:00.000Z","password":"$2b$10$N9xsSFODjUSaI1CkBgYUvOO1E3wjM/jjpnbl6QFus2r1fJ9UH7Ye.","role":"student","courses":[],"_id":"6496f90ab8de3a6f1672af4d","__v":0}',
  level: 'info',
  timestamp: '2023-06-24T14:09:14.367Z'
}
{
  level: 'debug',
  message: 'Mensaje de prueba: App. inicializada',
  timestamp: '2023-06-24T14:24:17.659Z'
}
{
  level: 'debug',
  message: 'Mensaje de prueba: App. inicializada',
  timestamp: '2023-06-24T14:39:23.712Z'
}
{
  level: 'debug',
  message: 'Mensaje de prueba: App. inicializada',
  timestamp: '2023-06-24T14:39:59.170Z'
}
{
  level: 'debug',
  message: 'Mensaje de prueba: App. inicializada',
  timestamp: '2023-06-24T14:44:33.976Z'
}
{
  level: 'debug',
  message: 'Mensaje de prueba: App. inicializada',
  timestamp: '2023-06-24T14:48:09.934Z'
}
{
  level: 'debug',
  message: 'Mensaje de prueba: App. inicializada',
  timestamp: '2023-06-24T14:56:22.607Z'
}
{
  level: 'debug',
  message: 'Mensaje de prueba: App. inicializada',
  timestamp: '2023-06-24T14:57:35.875Z'
}
{
  level: 'debug',
  message: 'Mensaje de prueba: App. inicializada',
  timestamp: '2023-06-24T14:58:55.633Z'
}
{
  level: 'debug',
  message: 'Mensaje de prueba: App. inicializada',
  timestamp: '2023-06-24T15:52:52.756Z'
}
{
  level: 'debug',
  message: 'Mensaje de prueba: App. inicializada',
  timestamp: '2023-06-24T16:00:54.122Z'
}
{
  level: 'debug',
  message: 'Mensaje de prueba: App. inicializada',
  timestamp: '2023-06-24T16:02:30.292Z'
}
{
  level: 'error',
  message: 'POST - / - diego - Inconplete values - {}',
  timestamp: '2023-06-24T16:04:01.144Z'
}
{
  message: 'Usuario creado correctamente: {"first_name":"Pedro","last_name":"Rodriguez","email":"prodriguez@test.com","dni":12345678,"birthDate":"2005-03-03T03:00:00.000Z","password":"$2b$10$h1N4tLZtyVM9H50Z3VSaQeuWEZhhiR5han/129yyg3P6OExL75CAC","gender":"M","role":"student","courses":[],"_id":"6497147434c857e1ded0cf02","__v":0}',
  level: 'info',
  timestamp: '2023-06-24T16:06:12.272Z'
}
{
  level: 'debug',
  message: 'Mensaje de prueba: App. inicializada',
  timestamp: '2023-06-24T16:09:45.496Z'
}
{
  message: 'Usuario creado correctamente: {"first_name":"Pedro","last_name":"Rodriguez","email":"test9999@test.com","dni":12345678,"birthDate":"2005-03-03T03:00:00.000Z","password":"$2b$10$g27eaF6/ADkG.IEYfvi4WO9/PTYKGJKtJjAstae8.wfOlspPdsE7i","gender":"M","role":"student","courses":[],"_id":"64971552509812ef8afe7aa6","__v":0}',
  level: 'info',
  timestamp: '2023-06-24T16:09:54.494Z'
}
{
  level: 'error',
  message: 'POST - / - diego - Email existe en BD - {"first_name":"Pedro","last_name":"Rodriguez","email":"prodriguez@test.com","password":"123","gender":"M","dni":12345678,"birthDate":"03-03-2005"}',
  timestamp: '2023-06-24T16:10:11.661Z'
}
{
  level: 'error',
  message: 'POST - / - diego - Email existe en BD - {"first_name":"Pedro","last_name":"Rodriguez","email":"prodriguez@test.com","password":"123","gender":"M","dni":12345678,"birthDate":"03-03-2005"}',
  timestamp: '2023-06-24T16:10:47.930Z'
}
{
  level: 'error',
  message: 'POST - / - diego - Email existe en BD - {"first_name":"Pedro","last_name":"Rodriguez","email":"test9999@test.com","password":"123","gender":"M","dni":12345678,"birthDate":"03-03-2005"}',
  timestamp: '2023-06-24T16:11:01.832Z'
}
{
  level: 'debug',
  message: 'Mensaje de prueba: App. inicializada',
  timestamp: '2023-06-24T16:14:51.767Z'
}
{
  message: 'Usuario creado correctamente: {"first_name":"Pedro","last_name":"Rodriguez","email":"test9999@test.com","dni":12345678,"birthDate":"2005-03-03T03:00:00.000Z","password":"$2b$10$q9nime9iZVPx59zybQl2fOjoScWFsJf1sDGXUcgXbKHD1mD/4D5h.","gender":"M","role":"student","courses":[],"_id":"649716a6180463fc2ec160f1","__v":0}',
  level: 'info',
  timestamp: '2023-06-24T16:15:35.039Z'
}
{
  message: 'Usuario creado correctamente: {"first_name":"Pedro","last_name":"Rodriguez","email":"test9999@test.com","dni":12345678,"birthDate":"2005-03-03T03:00:00.000Z","password":"$2b$10$2/BEbjFYTrjOXro5Jetr/eRCPeJXTZf4rVvbZULgJ2RfBuplGcD2K","gender":"M","role":"student","courses":[],"_id":"649716b4180463fc2ec160f5","__v":0}',
  level: 'info',
  timestamp: '2023-06-24T16:15:48.191Z'
}
{
  level: 'debug',
  message: 'Mensaje de prueba: App. inicializada',
  timestamp: '2023-06-24T16:17:10.428Z'
}
{
  level: 'debug',
  message: 'Mensaje de prueba: App. inicializada',
  timestamp: '2023-06-24T16:17:43.636Z'
}
{
  message: 'Usuario creado correctamente: {"first_name":"Pedro","last_name":"Rodriguez","email":"test9999@test.com","dni":12345678,"birthDate":"2005-03-03T03:00:00.000Z","password":"$2b$10$7dzoVgIclBKMPx2AZbofxePlcjWR498fPNOmAnJOC9eIm1fL3Cqfq","gender":"M","role":"student","courses":[],"_id":"6497172e6950f2d24c151af9","__v":0}',
  level: 'info',
  timestamp: '2023-06-24T16:17:50.686Z'
}
{
  level: 'error',
  message: 'POST - / - diego - Inconplete values - {"first_name":"Pedro","last_name":"Rodriguez"}',
  timestamp: '2023-06-24T16:19:36.010Z'
}
{
  level: 'debug',
  message: 'Mensaje de prueba: App. inicializada',
  timestamp: '2023-06-24T16:19:58.385Z'
}
{
  message: 'Usuario creado correctamente: {"first_name":"Pedro","last_name":"Rodriguez","email":"test9999@test.com","dni":12345678,"birthDate":"2005-03-03T03:00:00.000Z","password":"$2b$10$Vwq0WbbqegNKc43F1dCNneVSoTaQYm8tybfDO8QR3htR168CxkuVK","gender":"M","role":"student","courses":[],"_id":"649717b422cf49551af09349","__v":0}',
  level: 'info',
  timestamp: '2023-06-24T16:20:05.038Z'
}
{
  level: 'error',
  message: 'POST - / - diego - Inconplete values - {"first_name":"Pedro","last_name":"Rodriguez"}',
  timestamp: '2023-06-24T16:20:05.053Z'
}
{
  level: 'debug',
  message: 'Mensaje de prueba: App. inicializada',
  timestamp: '2023-06-24T16:21:26.568Z'
}
{
  level: 'error',
  message: 'POST - / - diego - Email existe en BD - {"first_name":"Pedro","last_name":"Rodriguez","email":"prodriguez@test.com","password":"123","gender":"M","dni":12345678,"birthDate":"03-03-2005"}',
  timestamp: '2023-06-24T16:21:31.692Z'
}
{
  level: 'debug',
  message: 'Mensaje de prueba: App. inicializada',
  timestamp: '2023-06-24T16:21:43.201Z'
}
{
  message: 'Usuario creado correctamente: {"first_name":"Pedro","last_name":"Rodriguez","email":"test9999@test.com","dni":12345678,"birthDate":"2005-03-03T03:00:00.000Z","password":"$2b$10$yl6tjKsH2lIlUsXceM/Qced1mA0m1TaM4wQ9LoBoaYUqH95w0blwW","gender":"M","role":"student","courses":[],"_id":"6497181df9730dcd4b327cc9","__v":0}',
  level: 'info',
  timestamp: '2023-06-24T16:21:50.000Z'
}
{
  level: 'error',
  message: 'POST - / - diego - Inconplete values - {"first_name":"Pedro","last_name":"Rodriguez"}',
  timestamp: '2023-06-24T16:21:50.015Z'
}
{
  message: 'Usuario creado correctamente: {"first_name":"Pedro","last_name":"Rodriguez","email":"test9999@test.com","dni":12345678,"birthDate":"2005-03-03T03:00:00.000Z","password":"$2b$10$g6n.X0Lgdg2cM.BebSOPa.BDv2U8OmZH3DYyfpfwrgG7OFYR8Umti","gender":"M","role":"student","courses":[],"_id":"6497181ef9730dcd4b327ccc","__v":0}',
  level: 'info',
  timestamp: '2023-06-24T16:21:50.470Z'
}
{
  level: 'error',
  message: 'POST - / - diego - Email existe en BD - {"first_name":"Pedro","last_name":"Rodriguez","email":"test9999@test.com","password":"123","gender":"M","dni":12345678,"birthDate":"03-03-2005"}',
  timestamp: '2023-06-24T16:21:50.651Z'
}
{
  level: 'debug',
  message: 'Mensaje de prueba: App. inicializada',
  timestamp: '2023-06-28T00:08:58.626Z'
}
{
  level: 'debug',
  message: 'Mensaje de prueba: App. inicializada',
  timestamp: '2023-06-28T00:14:10.860Z'
}
{
  level: 'debug',
  message: 'Mensaje de prueba: App. inicializada',
  timestamp: '2023-06-28T00:16:39.980Z'
}
{
  level: 'debug',
  message: 'Mensaje de prueba: App. inicializada',
  timestamp: '2023-06-28T00:19:01.137Z'
}
{
  level: 'debug',
  message: 'Mensaje de prueba: App. inicializada',
  timestamp: '2023-06-28T00:19:22.027Z'
}
{
  level: 'debug',
  message: 'Mensaje de prueba: App. inicializada',
  timestamp: '2023-06-28T00:19:54.378Z'
}
{
  level: 'debug',
  message: 'Mensaje de prueba: App. inicializada',
  timestamp: '2023-06-28T00:20:33.049Z'
}
{
  level: 'debug',
  message: 'Mensaje de prueba: App. inicializada',
  timestamp: '2023-06-28T00:21:14.271Z'
}
{
  level: 'debug',
  message: 'Mensaje de prueba: App. inicializada',
  timestamp: '2023-06-28T00:21:52.024Z'
}
{
  level: 'debug',
  message: 'Mensaje de prueba: App. inicializada',
  timestamp: '2023-06-28T00:28:59.995Z'
}
{
  level: 'debug',
  message: 'Mensaje de prueba: App. inicializada',
  timestamp: '2023-06-28T00:29:24.360Z'
}
{
  level: 'debug',
  message: 'Mensaje de prueba: App. inicializada',
  timestamp: '2023-06-28T00:30:28.538Z'
}
{
  level: 'debug',
  message: 'Mensaje de prueba: App. inicializada',
  timestamp: '2023-06-28T00:31:27.130Z'
}
{
  level: 'debug',
  message: 'Mensaje de prueba: App. inicializada',
  timestamp: '2023-06-28T00:32:26.008Z'
}
{
  level: 'debug',
  message: 'Mensaje de prueba: App. inicializada',
  timestamp: '2023-06-28T00:32:44.279Z'
}
{
  level: 'error',
  message: 'POST - / - diego - Inconplete values - {}',
  timestamp: '2023-06-28T00:32:57.114Z'
}
{
  message: 'Usuario creado correctamente: {"first_name":"Esteban","last_name":"Fernandez","email":"efernandez@test.com","dni":12345678,"birthDate":"1987-04-04T03:00:00.000Z","password":"$2b$10$1zLkg3muiKj1P1BuGY2BC.egQzsrq9MTdxDfzT8n54kXnBnaeiK0.","gender":"M","role":"student","courses":[],"_id":"649b80265d259d8d83e27277","__v":0}',
  level: 'info',
  timestamp: '2023-06-28T00:34:46.599Z'
}
{
  level: 'error',
  message: 'POST - / - diego - Email existe en BD - {"first_name":"Esteban","last_name":"Fernandez","email":"efernandez@test.com","dni":"12345678","gender":"M","password":"123","birthDate":"04-04-1987"}',
  timestamp: '2023-06-28T00:34:57.135Z'
}
{
  level: 'debug',
  message: 'Mensaje de prueba: App. inicializada',
  timestamp: '2023-06-28T00:35:16.036Z'
}
{
  message: 'Usuario creado correctamente: {"first_name":"Jimena","last_name":"Fernandez","email":"jfernandez@test.com","dni":12345678,"birthDate":"1987-04-04T03:00:00.000Z","password":"$2b$10$WcihinVhyz2bljTtBZtzl.dt6LsyrX1DJCj8haLJmJGeuhKZi1w7G","gender":"M","role":"student","courses":[],"_id":"649b8053f3a3dcb81ce903dd","__v":0}',
  level: 'info',
  timestamp: '2023-06-28T00:35:32.102Z'
}
{
  level: 'debug',
  message: 'Mensaje de prueba: App. inicializada',
  timestamp: '2023-06-28T00:38:17.982Z'
}
{
  level: 'debug',
  message: 'Mensaje de prueba: App. inicializada',
  timestamp: '2023-06-28T00:40:21.146Z'
}
{
  level: 'debug',
  message: 'Mensaje de prueba: App. inicializada',
  timestamp: '2023-06-28T00:40:54.193Z'
}
{
  level: 'debug',
  message: 'Mensaje de prueba: App. inicializada',
  timestamp: '2023-06-28T00:41:33.801Z'
}
{
  level: 'debug',
  message: 'Mensaje de prueba: App. inicializada',
  timestamp: '2023-06-28T00:43:17.409Z'
}
{
  level: 'debug',
  message: 'Mensaje de prueba: App. inicializada',
  timestamp: '2023-06-28T00:47:39.501Z'
}
{
  level: 'debug',
  message: 'Mensaje de prueba: App. inicializada',
  timestamp: '2023-06-28T00:48:51.276Z'
}
{
  level: 'debug',
  message: 'Mensaje de prueba: App. inicializada',
  timestamp: '2023-06-28T00:49:38.798Z'
}
{
  level: 'debug',
  message: 'Mensaje de prueba: App. inicializada',
  timestamp: '2023-06-28T00:51:14.500Z'
}
{
  level: 'debug',
  message: 'Mensaje de prueba: App. inicializada',
  timestamp: '2023-06-28T00:51:41.472Z'
}
{
  level: 'debug',
  message: 'Mensaje de prueba: App. inicializada',
  timestamp: '2023-06-28T00:53:17.751Z'
}
{
  level: 'debug',
  message: 'Mensaje de prueba: App. inicializada',
  timestamp: '2023-06-28T00:54:12.081Z'
}
{
  message: 'Usuario creado correctamente: {"first_name":"Pedro","last_name":"Rodriguez","email":"test9999@test.com","dni":12345678,"birthDate":"2005-03-03T03:00:00.000Z","password":"$2b$10$vbNxVY4qTE9ijkQJKqit7.rca/wrROnflQcogZeudv0jn4WqnS6Ki","gender":"M","role":"student","courses":[],"_id":"649b8676fe5ff87d13953afb","__v":0}',
  level: 'info',
  timestamp: '2023-06-28T01:01:42.982Z'
}
{
  level: 'error',
  message: 'POST - / - diego - Inconplete values - {"first_name":"Pedro","last_name":"Rodriguez"}',
  timestamp: '2023-06-28T01:01:43.003Z'
}
{
  message: 'Usuario creado correctamente: {"first_name":"Pedro","last_name":"Rodriguez","email":"test9999@test.com","dni":12345678,"birthDate":"2005-03-03T03:00:00.000Z","password":"$2b$10$HMN3YyTfObbnYMai/nJmNOfYdC8wwu4iZ.xnVbBg1/GidjGzyrnFm","gender":"M","role":"student","courses":[],"_id":"649b8677fe5ff87d13953afe","__v":0}',
  level: 'info',
  timestamp: '2023-06-28T01:01:43.543Z'
}
{
  level: 'error',
  message: 'POST - / - diego - Email existe en BD - {"first_name":"Pedro","last_name":"Rodriguez","email":"test9999@test.com","password":"123","gender":"M","dni":12345678,"birthDate":"03-03-2005"}',
  timestamp: '2023-06-28T01:01:43.726Z'
}
