LOG: GET - / - Sat, 18 Feb 2023 13:36:54 GMT
LOG: GET - /assets/css/styles.css - Sat, 18 Feb 2023 13:36:54 GMT
LOG: GET - /images/festejo%20mortal%20micro%20seleccion.JPG - Sat, 18 Feb 2023 13:36:54 GMT
LOG: GET - / - Sat, 18 Feb 2023 13:36:55 GMT
LOG: GET - /assets/css/styles.css - Sat, 18 Feb 2023 13:36:55 GMT
LOG: GET - /images/festejo%20mortal%20micro%20seleccion.JPG - Sat, 18 Feb 2023 13:36:55 GMT
LOG: GET - / - Sat, 18 Feb 2023 13:36:55 GMT
LOG: GET - /assets/css/styles.css - Sat, 18 Feb 2023 13:36:55 GMT
LOG: GET - /images/festejo%20mortal%20micro%20seleccion.JPG - Sat, 18 Feb 2023 13:36:55 GMT
LOG: GET - / - Sat, 18 Feb 2023 13:36:55 GMT
LOG: GET - /assets/css/styles.css - Sat, 18 Feb 2023 13:36:55 GMT
LOG: GET - /images/festejo%20mortal%20micro%20seleccion.JPG - Sat, 18 Feb 2023 13:36:55 GMT
LOG: GET - / - Sat, 18 Feb 2023 13:36:55 GMT
LOG: GET - /assets/css/styles.css - Sat, 18 Feb 2023 13:36:55 GMT
LOG: GET - /images/festejo%20mortal%20micro%20seleccion.JPG - Sat, 18 Feb 2023 13:36:55 GMT
LOG: GET - / - Sat, 18 Feb 2023 13:36:55 GMT
LOG: GET - /assets/css/styles.css - Sat, 18 Feb 2023 13:36:55 GMT
LOG: GET - /images/festejo%20mortal%20micro%20seleccion.JPG - Sat, 18 Feb 2023 13:36:55 GMT
LOG: GET - / - Sat, 18 Feb 2023 13:36:55 GMT
LOG: GET - /assets/css/styles.css - Sat, 18 Feb 2023 13:36:55 GMT
LOG: GET - /images/festejo%20mortal%20micro%20seleccion.JPG - Sat, 18 Feb 2023 13:36:55 GMT
LOG: GET - / - Sat, 18 Feb 2023 13:36:55 GMT
LOG: GET - /assets/css/styles.css - Sat, 18 Feb 2023 13:36:55 GMT
LOG: GET - /images/festejo%20mortal%20micro%20seleccion.JPG - Sat, 18 Feb 2023 13:36:55 GMT
LOG: GET - / - Sat, 18 Feb 2023 13:36:56 GMT
LOG: GET - /assets/css/styles.css - Sat, 18 Feb 2023 13:36:56 GMT
LOG: GET - /images/festejo%20mortal%20micro%20seleccion.JPG - Sat, 18 Feb 2023 13:36:56 GMT
LOG: POST - /api/mascotas - Sat, 18 Feb 2023 13:37:04 GMT
LOG: GET - /api/mascotas - Sat, 18 Feb 2023 13:37:09 GMT
LOG: GET - / - Sat, 18 Feb 2023 13:41:14 GMT
LOG: GET - /assets/css/styles.css - Sat, 18 Feb 2023 13:41:14 GMT
LOG: GET - /images/festejo%20mortal%20micro%20seleccion.JPG - Sat, 18 Feb 2023 13:41:14 GMT
LOG: GET - / - Sat, 18 Feb 2023 13:41:14 GMT
LOG: GET - /assets/css/styles.css - Sat, 18 Feb 2023 13:41:14 GMT
LOG: GET - /images/festejo%20mortal%20micro%20seleccion.JPG - Sat, 18 Feb 2023 13:41:14 GMT
LOG: GET - / - Sat, 18 Feb 2023 13:41:14 GMT
LOG: GET - /assets/css/styles.css - Sat, 18 Feb 2023 13:41:14 GMT
LOG: GET - /images/festejo%20mortal%20micro%20seleccion.JPG - Sat, 18 Feb 2023 13:41:14 GMT
LOG: GET - / - Sat, 18 Feb 2023 13:41:14 GMT
LOG: GET - /assets/css/styles.css - Sat, 18 Feb 2023 13:41:14 GMT
LOG: GET - /images/festejo%20mortal%20micro%20seleccion.JPG - Sat, 18 Feb 2023 13:41:14 GMT
LOG: GET - / - Sat, 18 Feb 2023 13:41:14 GMT
LOG: GET - /assets/css/styles.css - Sat, 18 Feb 2023 13:41:14 GMT
LOG: GET - /images/festejo%20mortal%20micro%20seleccion.JPG - Sat, 18 Feb 2023 13:41:14 GMT
LOG: GET - /api/mascotas - Sat, 18 Feb 2023 13:41:20 GMT
LOG: GET - /api/mascotas - Sat, 18 Feb 2023 13:41:20 GMT
LOG: GET - /api/mascotas - Sat, 18 Feb 2023 13:41:22 GMT
LOG: GET - /api/mascotas - Sat, 18 Feb 2023 13:41:23 GMT
LOG: POST - /api/mascotas - Sat, 18 Feb 2023 13:41:38 GMT - ATENCION...!!! se han guardado datos en la DB
LOG: GET - / - Sat, 18 Feb 2023 13:41:42 GMT
LOG: GET - /assets/css/styles.css - Sat, 18 Feb 2023 13:41:42 GMT
LOG: GET - /images/festejo%20mortal%20micro%20seleccion.JPG - Sat, 18 Feb 2023 13:41:42 GMT
LOG: GET - / - Sat, 18 Feb 2023 13:41:42 GMT
LOG: GET - /assets/css/styles.css - Sat, 18 Feb 2023 13:41:42 GMT
LOG: GET - /images/festejo%20mortal%20micro%20seleccion.JPG - Sat, 18 Feb 2023 13:41:42 GMT
LOG: GET - / - Sat, 18 Feb 2023 13:41:43 GMT
LOG: GET - /assets/css/styles.css - Sat, 18 Feb 2023 13:41:43 GMT
LOG: GET - /images/festejo%20mortal%20micro%20seleccion.JPG - Sat, 18 Feb 2023 13:41:43 GMT
LOG: GET - / - Sat, 18 Feb 2023 13:45:57 GMT
LOG: GET - /assets/css/styles.css - Sat, 18 Feb 2023 13:45:57 GMT
LOG: GET - /images/festejo%20mortal%20micro%20seleccion.JPG - Sat, 18 Feb 2023 13:45:57 GMT
LOG: GET - / - Sat, 18 Feb 2023 13:45:57 GMT
LOG: GET - /assets/css/styles.css - Sat, 18 Feb 2023 13:45:57 GMT
LOG: GET - /images/festejo%20mortal%20micro%20seleccion.JPG - Sat, 18 Feb 2023 13:45:57 GMT
LOG: GET - / - Sat, 18 Feb 2023 13:45:57 GMT
LOG: GET - /assets/css/styles.css - Sat, 18 Feb 2023 13:45:57 GMT
LOG: GET - /images/festejo%20mortal%20micro%20seleccion.JPG - Sat, 18 Feb 2023 13:45:57 GMT
LOG: GET - / - Sat, 18 Feb 2023 13:45:57 GMT
LOG: GET - /assets/css/styles.css - Sat, 18 Feb 2023 13:45:57 GMT
LOG: GET - /images/festejo%20mortal%20micro%20seleccion.JPG - Sat, 18 Feb 2023 13:45:57 GMT
LOG: GET - / - Sat, 18 Feb 2023 13:45:57 GMT
LOG: GET - /assets/css/styles.css - Sat, 18 Feb 2023 13:45:58 GMT
LOG: GET - /images/festejo%20mortal%20micro%20seleccion.JPG - Sat, 18 Feb 2023 13:45:58 GMT
LOG: GET - / - Sat, 18 Feb 2023 13:45:58 GMT
LOG: GET - /assets/css/styles.css - Sat, 18 Feb 2023 13:45:58 GMT
LOG: GET - /images/festejo%20mortal%20micro%20seleccion.JPG - Sat, 18 Feb 2023 13:45:58 GMT
LOG: GET - / - Sat, 18 Feb 2023 13:45:58 GMT
LOG: GET - /assets/css/styles.css - Sat, 18 Feb 2023 13:45:58 GMT
LOG: GET - /images/festejo%20mortal%20micro%20seleccion.JPG - Sat, 18 Feb 2023 13:45:58 GMT
LOG: GET - /api/mascotas - Sat, 18 Feb 2023 13:46:30 GMT
LOG: GET - /api/mascotas - Sat, 18 Feb 2023 13:46:57 GMT
LOG: POST - /api/mascotas - Sat, 18 Feb 2023 13:47:31 GMT - ATENCION...!!! se han guardado datos en la DB
LOG: GET - /api/frase - Sat, 18 Feb 2023 13:54:04 GMT
LOG: GET - /api/frase - Sat, 18 Feb 2023 13:54:39 GMT
LOG: GET - / - Sat, 18 Feb 2023 13:57:11 GMT
LOG: GET - /assets/css/styles.css - Sat, 18 Feb 2023 13:57:11 GMT
LOG: GET - /images/festejo%20mortal%20micro%20seleccion.JPG - Sat, 18 Feb 2023 13:57:11 GMT
LOG: GET - / - Sat, 18 Feb 2023 13:57:11 GMT
LOG: GET - /assets/css/styles.css - Sat, 18 Feb 2023 13:57:11 GMT
LOG: GET - /images/festejo%20mortal%20micro%20seleccion.JPG - Sat, 18 Feb 2023 13:57:11 GMT
LOG: GET - / - Sat, 18 Feb 2023 13:57:12 GMT
LOG: GET - /assets/css/styles.css - Sat, 18 Feb 2023 13:57:12 GMT
LOG: GET - /images/festejo%20mortal%20micro%20seleccion.JPG - Sat, 18 Feb 2023 13:57:12 GMT
LOG: POST - /api/mascotas - Sat, 18 Feb 2023 13:57:17 GMT - ATENCION...!!! se han guardado datos en la DB
LOG: GET - /api/frase - Sat, 18 Feb 2023 13:57:24 GMT
ERROR...!!! - GET - /api/frase - Sat, 18 Feb 2023 13:57:24 GMT
LOG: GET - /api/frase - Sat, 18 Feb 2023 13:57:27 GMT
ERROR...!!! - GET - /api/frase - Sat, 18 Feb 2023 13:57:27 GMT
LOG: POST - /api/mascotas - Sat, 18 Feb 2023 13:58:20 GMT - ATENCION...!!! se han guardado datos en la DB
LOG: GET - / - Sat, 18 Feb 2023 13:58:22 GMT
LOG: GET - /assets/css/styles.css - Sat, 18 Feb 2023 13:58:23 GMT
LOG: GET - /images/festejo%20mortal%20micro%20seleccion.JPG - Sat, 18 Feb 2023 13:58:23 GMT
LOG: GET - / - Sat, 18 Feb 2023 13:58:23 GMT
LOG: GET - /assets/css/styles.css - Sat, 18 Feb 2023 13:58:23 GMT
LOG: GET - /images/festejo%20mortal%20micro%20seleccion.JPG - Sat, 18 Feb 2023 13:58:23 GMT
LOG: GET - / - Sat, 18 Feb 2023 13:58:23 GMT
LOG: GET - /assets/css/styles.css - Sat, 18 Feb 2023 13:58:23 GMT
LOG: GET - /images/festejo%20mortal%20micro%20seleccion.JPG - Sat, 18 Feb 2023 13:58:23 GMT
LOG: GET - /api/frase - Sat, 18 Feb 2023 13:58:28 GMT
ERROR...!!! - GET - /api/frase - Sat, 18 Feb 2023 13:58:28 GMT
Descripcion del error: ReferenceError: frase1990 is not defined
LOG: GET - /api/frase - Sat, 18 Feb 2023 13:58:30 GMT
ERROR...!!! - GET - /api/frase - Sat, 18 Feb 2023 13:58:30 GMT
Descripcion del error: ReferenceError: frase1990 is not defined
LOG: GET - / - Sat, 18 Feb 2023 13:58:33 GMT
LOG: GET - /assets/css/styles.css - Sat, 18 Feb 2023 13:58:33 GMT
LOG: GET - /images/festejo%20mortal%20micro%20seleccion.JPG - Sat, 18 Feb 2023 13:58:33 GMT
LOG: GET - / - Sat, 18 Feb 2023 13:58:33 GMT
LOG: GET - /assets/css/styles.css - Sat, 18 Feb 2023 13:58:33 GMT
LOG: GET - /images/festejo%20mortal%20micro%20seleccion.JPG - Sat, 18 Feb 2023 13:58:33 GMT
LOG: GET - / - Sat, 18 Feb 2023 13:58:33 GMT
LOG: GET - /assets/css/styles.css - Sat, 18 Feb 2023 13:58:33 GMT
LOG: GET - /images/festejo%20mortal%20micro%20seleccion.JPG - Sat, 18 Feb 2023 13:58:33 GMT
LOG: GET - / - Sat, 18 Feb 2023 13:58:33 GMT
LOG: GET - /assets/css/styles.css - Sat, 18 Feb 2023 13:58:33 GMT
LOG: GET - /images/festejo%20mortal%20micro%20seleccion.JPG - Sat, 18 Feb 2023 13:58:33 GMT
LOG: GET - / - Sat, 18 Feb 2023 13:58:33 GMT
LOG: GET - /assets/css/styles.css - Sat, 18 Feb 2023 13:58:33 GMT
LOG: GET - /images/festejo%20mortal%20micro%20seleccion.JPG - Sat, 18 Feb 2023 13:58:33 GMT
LOG: GET - /api/frase - Sat, 18 Feb 2023 13:59:31 GMT
LOG: POST - /api/mascotas - Sat, 18 Feb 2023 14:17:17 GMT - ATENCION...!!! se han guardado datos en la DB
LOG: POST - /api/mascotas - Sat, 18 Feb 2023 14:20:27 GMT - ATENCION...!!! se han guardado datos en la DB
LOG: GET - / - Sat, 18 Feb 2023 14:23:26 GMT
LOG: GET - /assets/css/styles.css - Sat, 18 Feb 2023 14:23:26 GMT
LOG: GET - /images/festejo%20mortal%20micro%20seleccion.JPG - Sat, 18 Feb 2023 14:23:26 GMT
LOG: GET - / - Sat, 18 Feb 2023 14:23:26 GMT
LOG: GET - /assets/css/styles.css - Sat, 18 Feb 2023 14:23:26 GMT
LOG: GET - /images/festejo%20mortal%20micro%20seleccion.JPG - Sat, 18 Feb 2023 14:23:26 GMT
LOG: POST - /api/mascotas - Sat, 18 Feb 2023 14:24:01 GMT - ATENCION...!!! se han guardado datos en la DB
LOG: POST - /api/mascotas - Sat, 18 Feb 2023 14:31:05 GMT - ATENCION...!!! se han guardado datos en la DB
LOG: POST - /api/mascotas - Sat, 18 Feb 2023 14:32:49 GMT - ATENCION...!!! se han guardado datos en la DB
LOG: GET - / - Sat, 18 Feb 2023 14:56:48 GMT
ERROR...!!! - GET - / - Sat, 18 Feb 2023 14:56:48 GMT
Descripcion del error: Error: Failed to lookup view "principal" in views directory ".src/views"
LOG: GET - / - Sat, 18 Feb 2023 14:57:37 GMT
LOG: GET - / - Sat, 18 Feb 2023 14:59:25 GMT
LOG: GET - / - Sat, 18 Feb 2023 14:59:45 GMT
LOG: GET - / - Sat, 18 Feb 2023 15:00:11 GMT
LOG: GET - / - Sat, 18 Feb 2023 15:01:59 GMT
LOG: GET - / - Sat, 18 Feb 2023 15:02:15 GMT
LOG: GET - / - Sat, 18 Feb 2023 15:02:50 GMT
LOG: GET - / - Sat, 18 Feb 2023 15:03:45 GMT
LOG: GET - / - Sat, 18 Feb 2023 15:06:03 GMT
LOG: GET - / - Sat, 18 Feb 2023 15:07:07 GMT
LOG: GET - / - Sat, 18 Feb 2023 15:07:25 GMT
LOG: GET - / - Sat, 18 Feb 2023 15:08:42 GMT
LOG: GET - / - Sat, 18 Feb 2023 15:08:58 GMT
LOG: GET - / - Sat, 18 Feb 2023 15:08:59 GMT
LOG: GET - / - Sat, 18 Feb 2023 15:09:27 GMT
LOG: GET - / - Sat, 18 Feb 2023 15:11:03 GMT
LOG: GET - /assets/css/styles.css - Sat, 18 Feb 2023 15:11:03 GMT
LOG: GET - / - Sat, 18 Feb 2023 15:11:16 GMT
LOG: GET - /assets/css/styles.css - Sat, 18 Feb 2023 15:11:16 GMT
LOG: GET - /favicon.ico - Sat, 18 Feb 2023 15:11:16 GMT
LOG: GET - / - Sat, 18 Feb 2023 15:11:57 GMT
LOG: GET - /assets/css/styles.css - Sat, 18 Feb 2023 15:11:57 GMT
LOG: GET - / - Sat, 18 Feb 2023 15:11:57 GMT
LOG: GET - /assets/css/styles.css - Sat, 18 Feb 2023 15:11:57 GMT
LOG: GET - / - Sat, 18 Feb 2023 15:11:58 GMT
LOG: GET - /assets/css/styles.css - Sat, 18 Feb 2023 15:11:58 GMT
LOG: GET - / - Sat, 18 Feb 2023 15:12:32 GMT
LOG: GET - /assets/css/styles.css - Sat, 18 Feb 2023 15:12:32 GMT
LOG: GET - / - Sat, 18 Feb 2023 15:12:32 GMT
LOG: GET - /assets/css/styles.css - Sat, 18 Feb 2023 15:12:32 GMT
LOG: GET - / - Sat, 18 Feb 2023 15:12:32 GMT
LOG: GET - /assets/css/styles.css - Sat, 18 Feb 2023 15:12:32 GMT
LOG: GET - / - Sat, 18 Feb 2023 15:12:44 GMT
LOG: GET - /assets/css/redStyles.css - Sat, 18 Feb 2023 15:12:44 GMT
LOG: GET - / - Sat, 18 Feb 2023 15:13:25 GMT
LOG: GET - /assets/css/redStyles.css - Sat, 18 Feb 2023 15:13:26 GMT
LOG: GET - / - Sat, 18 Feb 2023 15:13:26 GMT
LOG: GET - /assets/css/redStyles.css - Sat, 18 Feb 2023 15:13:26 GMT
LOG: GET - / - Sat, 18 Feb 2023 15:14:43 GMT
LOG: GET - /assets/css/redStyles.css - Sat, 18 Feb 2023 15:14:43 GMT
LOG: GET - /assets/js/principal.js - Sat, 18 Feb 2023 15:14:43 GMT
LOG: GET - / - Sat, 18 Feb 2023 15:18:17 GMT
LOG: GET - /assets/css/redStyles.css - Sat, 18 Feb 2023 15:18:17 GMT
LOG: GET - /assets/js/principal.js - Sat, 18 Feb 2023 15:18:17 GMT
LOG: GET - / - Sat, 18 Feb 2023 15:18:18 GMT
LOG: GET - /assets/css/redStyles.css - Sat, 18 Feb 2023 15:18:18 GMT
LOG: GET - /assets/js/principal.js - Sat, 18 Feb 2023 15:18:18 GMT
LOG: GET - / - Sat, 18 Feb 2023 15:18:18 GMT
LOG: GET - /assets/css/redStyles.css - Sat, 18 Feb 2023 15:18:18 GMT
LOG: GET - /assets/js/principal.js - Sat, 18 Feb 2023 15:18:18 GMT
LOG: GET - /pruebas - Sat, 18 Feb 2023 15:19:54 GMT
LOG: GET - /assets/css/ - Sat, 18 Feb 2023 15:19:54 GMT
LOG: GET - /assets/js/principal.js - Sat, 18 Feb 2023 15:19:55 GMT
LOG: GET - /pruebas - Sat, 18 Feb 2023 15:20:32 GMT
LOG: GET - /assets/css/styles.css - Sat, 18 Feb 2023 15:20:32 GMT
LOG: GET - /assets/js/principal.js - Sat, 18 Feb 2023 15:20:32 GMT
LOG: GET - / - Sat, 18 Feb 2023 15:30:58 GMT
LOG: GET - /assets/css/redStyles.css - Sat, 18 Feb 2023 15:30:58 GMT
LOG: GET - /assets/js/principal.js - Sat, 18 Feb 2023 15:30:58 GMT
LOG: GET - / - Sat, 18 Feb 2023 15:31:01 GMT
LOG: GET - /assets/css/redStyles.css - Sat, 18 Feb 2023 15:31:01 GMT
LOG: GET - /assets/js/principal.js - Sat, 18 Feb 2023 15:31:01 GMT
LOG: GET - / - Sat, 18 Feb 2023 15:31:02 GMT
LOG: GET - /assets/css/redStyles.css - Sat, 18 Feb 2023 15:31:02 GMT
LOG: GET - /assets/js/principal.js - Sat, 18 Feb 2023 15:31:02 GMT
LOG: GET - / - Sat, 18 Feb 2023 15:31:03 GMT
LOG: GET - /assets/css/redStyles.css - Sat, 18 Feb 2023 15:31:03 GMT
LOG: GET - /assets/js/principal.js - Sat, 18 Feb 2023 15:31:03 GMT
LOG: GET - / - Sat, 18 Feb 2023 15:31:03 GMT
LOG: GET - /assets/css/redStyles.css - Sat, 18 Feb 2023 15:31:03 GMT
LOG: GET - /assets/js/principal.js - Sat, 18 Feb 2023 15:31:03 GMT
LOG: GET - / - Sat, 18 Feb 2023 15:31:03 GMT
LOG: GET - /assets/css/redStyles.css - Sat, 18 Feb 2023 15:31:03 GMT
LOG: GET - /assets/js/principal.js - Sat, 18 Feb 2023 15:31:03 GMT
LOG: GET - / - Sat, 18 Feb 2023 15:31:03 GMT
LOG: GET - /assets/css/redStyles.css - Sat, 18 Feb 2023 15:31:03 GMT
LOG: GET - /assets/js/principal.js - Sat, 18 Feb 2023 15:31:03 GMT
LOG: GET - / - Sat, 18 Feb 2023 15:31:04 GMT
LOG: GET - /assets/css/redStyles.css - Sat, 18 Feb 2023 15:31:04 GMT
LOG: GET - /assets/js/principal.js - Sat, 18 Feb 2023 15:31:04 GMT
LOG: GET - / - Sat, 18 Feb 2023 15:31:04 GMT
LOG: GET - /assets/css/redStyles.css - Sat, 18 Feb 2023 15:31:04 GMT
LOG: GET - /assets/js/principal.js - Sat, 18 Feb 2023 15:31:04 GMT
LOG: GET - / - Sat, 18 Feb 2023 15:31:04 GMT
LOG: GET - /assets/css/redStyles.css - Sat, 18 Feb 2023 15:31:04 GMT
LOG: GET - /assets/js/principal.js - Sat, 18 Feb 2023 15:31:04 GMT
LOG: GET - / - Sat, 18 Feb 2023 15:31:04 GMT
LOG: GET - /assets/css/redStyles.css - Sat, 18 Feb 2023 15:31:04 GMT
LOG: GET - /assets/js/principal.js - Sat, 18 Feb 2023 15:31:04 GMT
LOG: GET - / - Sat, 18 Feb 2023 15:31:05 GMT
LOG: GET - /assets/css/redStyles.css - Sat, 18 Feb 2023 15:31:05 GMT
LOG: GET - /assets/js/principal.js - Sat, 18 Feb 2023 15:31:05 GMT
LOG: GET - / - Sat, 18 Feb 2023 15:31:05 GMT
LOG: GET - /assets/css/redStyles.css - Sat, 18 Feb 2023 15:31:05 GMT
LOG: GET - /assets/js/principal.js - Sat, 18 Feb 2023 15:31:05 GMT
LOG: GET - / - Sat, 18 Feb 2023 15:31:05 GMT
LOG: GET - /assets/css/redStyles.css - Sat, 18 Feb 2023 15:31:05 GMT
LOG: GET - /assets/js/principal.js - Sat, 18 Feb 2023 15:31:05 GMT
LOG: GET - / - Sat, 18 Feb 2023 15:31:05 GMT
LOG: GET - /assets/css/redStyles.css - Sat, 18 Feb 2023 15:31:05 GMT
LOG: GET - /assets/js/principal.js - Sat, 18 Feb 2023 15:31:05 GMT
LOG: GET - / - Sat, 18 Feb 2023 15:31:05 GMT
LOG: GET - /assets/css/redStyles.css - Sat, 18 Feb 2023 15:31:05 GMT
LOG: GET - /assets/js/principal.js - Sat, 18 Feb 2023 15:31:05 GMT
LOG: GET - / - Sat, 18 Feb 2023 15:31:05 GMT
LOG: GET - /assets/css/redStyles.css - Sat, 18 Feb 2023 15:31:05 GMT
LOG: GET - /assets/js/principal.js - Sat, 18 Feb 2023 15:31:05 GMT
LOG: GET - / - Sat, 18 Feb 2023 15:31:06 GMT
LOG: GET - /assets/css/redStyles.css - Sat, 18 Feb 2023 15:31:06 GMT
LOG: GET - /assets/js/principal.js - Sat, 18 Feb 2023 15:31:06 GMT
LOG: GET - / - Sat, 18 Feb 2023 15:31:06 GMT
LOG: GET - /assets/css/redStyles.css - Sat, 18 Feb 2023 15:31:06 GMT
LOG: GET - /assets/js/principal.js - Sat, 18 Feb 2023 15:31:06 GMT
LOG: GET - / - Sat, 18 Feb 2023 15:31:06 GMT
LOG: GET - /assets/css/redStyles.css - Sat, 18 Feb 2023 15:31:06 GMT
LOG: GET - /assets/js/principal.js - Sat, 18 Feb 2023 15:31:06 GMT
LOG: GET - / - Sat, 18 Feb 2023 15:31:06 GMT
LOG: GET - /assets/css/redStyles.css - Sat, 18 Feb 2023 15:31:06 GMT
LOG: GET - /assets/js/principal.js - Sat, 18 Feb 2023 15:31:06 GMT
LOG: GET - / - Sat, 18 Feb 2023 15:31:06 GMT
LOG: GET - /assets/css/redStyles.css - Sat, 18 Feb 2023 15:31:06 GMT
LOG: GET - /assets/js/principal.js - Sat, 18 Feb 2023 15:31:06 GMT
LOG: GET - / - Sat, 18 Feb 2023 15:31:07 GMT
LOG: GET - /assets/css/redStyles.css - Sat, 18 Feb 2023 15:31:07 GMT
LOG: GET - /assets/js/principal.js - Sat, 18 Feb 2023 15:31:07 GMT
LOG: GET - / - Sat, 18 Feb 2023 15:31:08 GMT
LOG: GET - /assets/css/redStyles.css - Sat, 18 Feb 2023 15:31:08 GMT
LOG: GET - /assets/js/principal.js - Sat, 18 Feb 2023 15:31:08 GMT
LOG: GET - / - Sat, 18 Feb 2023 15:31:08 GMT
LOG: GET - /assets/css/redStyles.css - Sat, 18 Feb 2023 15:31:08 GMT
LOG: GET - /assets/js/principal.js - Sat, 18 Feb 2023 15:31:08 GMT
LOG: GET - / - Sat, 18 Feb 2023 15:31:10 GMT
LOG: GET - /assets/css/redStyles.css - Sat, 18 Feb 2023 15:31:10 GMT
LOG: GET - /assets/js/principal.js - Sat, 18 Feb 2023 15:31:10 GMT
LOG: GET - / - Sat, 18 Feb 2023 15:31:10 GMT
LOG: GET - /assets/css/redStyles.css - Sat, 18 Feb 2023 15:31:10 GMT
LOG: GET - /assets/js/principal.js - Sat, 18 Feb 2023 15:31:10 GMT
LOG: GET - / - Sat, 18 Feb 2023 15:31:11 GMT
LOG: GET - /assets/css/redStyles.css - Sat, 18 Feb 2023 15:31:11 GMT
LOG: GET - /assets/js/principal.js - Sat, 18 Feb 2023 15:31:11 GMT
LOG: GET - / - Sat, 18 Feb 2023 15:31:11 GMT
LOG: GET - /assets/css/redStyles.css - Sat, 18 Feb 2023 15:31:11 GMT
LOG: GET - /assets/js/principal.js - Sat, 18 Feb 2023 15:31:11 GMT
LOG: GET - / - Sat, 18 Feb 2023 15:31:11 GMT
LOG: GET - /assets/css/redStyles.css - Sat, 18 Feb 2023 15:31:11 GMT
LOG: GET - /assets/js/principal.js - Sat, 18 Feb 2023 15:31:11 GMT
LOG: GET - / - Sat, 18 Feb 2023 15:31:11 GMT
LOG: GET - /assets/css/redStyles.css - Sat, 18 Feb 2023 15:31:11 GMT
LOG: GET - /assets/js/principal.js - Sat, 18 Feb 2023 15:31:11 GMT